\BOOKMARK [0][-]{chapter.1}{\376\377\000C\000o\000n\000c\000e\000t\000t\000i\000\040\000c\000h\000i\000a\000v\000e}{}% 1
\BOOKMARK [1][-]{section.1.1}{\376\377\000T\000e\000r\000m\000i\000n\000o\000l\000o\000g\000i\000a\000\040\000d\000i\000\040\000b\000a\000s\000e}{chapter.1}% 2
\BOOKMARK [1][-]{section.1.2}{\376\377\000C\000V\000E}{chapter.1}% 3
\BOOKMARK [2][-]{subsection.1.2.1}{\376\377\000C\000V\000S\000S}{section.1.2}% 4
\BOOKMARK [2][-]{subsection.1.2.2}{\376\377\000C\000W\000E}{section.1.2}% 5
\BOOKMARK [2][-]{subsection.1.2.3}{\376\377\000C\000P\000E}{section.1.2}% 6
\BOOKMARK [1][-]{section.1.3}{\376\377\000D\000i\000v\000u\000l\000g\000a\000z\000i\000o\000n\000e\000\040\000d\000e\000l\000l\000e\000\040\000v\000u\000l\000n\000e\000r\000a\000b\000i\000l\000i\000t\000\340}{chapter.1}% 7
\BOOKMARK [0][-]{chapter.2}{\376\377\000B\000u\000f\000f\000e\000r\000\040\000O\000v\000e\000r\000f\000l\000o\000w}{}% 8
\BOOKMARK [1][-]{section.2.1}{\376\377\000M\000a\000p\000p\000a\000t\000u\000r\000a\000\040\000d\000e\000l\000l\000a\000\040\000m\000e\000m\000o\000r\000i\000a\000\040\000d\000e\000i\000\040\000p\000r\000o\000c\000e\000s\000s\000i}{chapter.2}% 9
\BOOKMARK [1][-]{section.2.2}{\376\377\000S\000t\000a\000c\000k\000\040\000o\000v\000e\000r\000f\000l\000o\000w}{chapter.2}% 10
\BOOKMARK [1][-]{section.2.3}{\376\377\000P\000r\000e\000v\000e\000n\000z\000i\000o\000n\000e\000\040\000b\000u\000f\000f\000e\000r\000\040\000o\000v\000e\000r\000f\000l\000o\000w}{chapter.2}% 11
\BOOKMARK [1][-]{section.2.4}{\376\377\000C\000o\000n\000t\000r\000o\000m\000i\000s\000u\000r\000e\000\040\000b\000u\000f\000f\000e\000r\000\040\000o\000v\000e\000r\000f\000l\000o\000w}{chapter.2}% 12
\BOOKMARK [0][-]{chapter.3}{\376\377\000W\000e\000b\000\040\000S\000e\000c\000u\000r\000i\000t\000y}{}% 13
\BOOKMARK [1][-]{section.3.1}{\376\377\000A\000t\000t\000a\000c\000c\000h\000i\000\040\000l\000a\000t\000o\000\040\000C\000l\000i\000e\000n\000t}{chapter.3}% 14
\BOOKMARK [2][-]{subsection.3.1.1}{\376\377\000C\000r\000o\000s\000s\000-\000S\000i\000t\000e\000\040\000R\000e\000q\000u\000e\000s\000t\000\040\000F\000o\000r\000g\000e\000r\000y\000\040\000\050\000C\000S\000R\000F\000\051}{section.3.1}% 15
\BOOKMARK [2][-]{subsection.3.1.2}{\376\377\000C\000r\000o\000s\000s\000-\000S\000i\000t\000e\000\040\000S\000c\000r\000i\000p\000t\000i\000n\000g\000\040\000\050\000X\000S\000S\000\051}{section.3.1}% 16
\BOOKMARK [1][-]{section.3.2}{\376\377\000A\000t\000t\000a\000c\000c\000h\000i\000\040\000l\000a\000t\000o\000\040\000S\000e\000r\000v\000e\000r}{chapter.3}% 17
\BOOKMARK [2][-]{subsection.3.2.1}{\376\377\000S\000Q\000L\000\040\000I\000n\000j\000e\000c\000t\000i\000o\000n}{section.3.2}% 18
\BOOKMARK [2][-]{subsection.3.2.2}{\376\377\000O\000S\000\040\000C\000o\000m\000m\000a\000n\000d\000\040\000I\000n\000j\000e\000c\000t\000i\000o\000n}{section.3.2}% 19
\BOOKMARK [2][-]{subsection.3.2.3}{\376\377\000P\000a\000t\000h\000\040\000T\000r\000a\000v\000e\000r\000s\000a\000l\000\040\000\050\000F\000i\000l\000e\000\040\000D\000i\000s\000c\000l\000o\000s\000u\000r\000e\000\051}{section.3.2}% 20
\BOOKMARK [2][-]{subsection.3.2.4}{\376\377\000S\000e\000r\000v\000e\000r\000-\000S\000i\000d\000e\000\040\000R\000e\000q\000u\000e\000s\000t\000\040\000F\000o\000r\000g\000e\000r\000y\000\040\000\050\000S\000S\000R\000F\000\051}{section.3.2}% 21
\BOOKMARK [0][-]{chapter.4}{\376\377\000S\000a\000n\000i\000t\000i\000z\000e\000r\000s}{}% 22
\BOOKMARK [1][-]{section.4.1}{\376\377\000A\000n\000a\000l\000i\000s\000i\000\040\000d\000e\000l\000l\000e\000\040\000v\000u\000l\000n\000e\000r\000a\000b\000i\000l\000i\000t\000\340\000\040\000l\000e\000g\000a\000t\000e\000\040\000a\000l\000l\000a\000\040\000m\000e\000m\000o\000r\000i\000a}{chapter.4}% 23
\BOOKMARK [2][-]{subsection.4.1.1}{\376\377\000B\000u\000f\000f\000e\000r\000\040\000O\000v\000e\000r\000-\000r\000e\000a\000d}{section.4.1}% 24
\BOOKMARK [2][-]{subsection.4.1.2}{\376\377\000D\000o\000u\000b\000l\000e\000-\000f\000r\000e\000e\000\040\000\046\000\040\000U\000s\000e\000-\000A\000f\000t\000e\000r\000-\000F\000r\000e\000e}{section.4.1}% 25
\BOOKMARK [2][-]{subsection.4.1.3}{\376\377\000U\000n\000i\000n\000i\000t\000i\000a\000l\000i\000z\000e\000d\000\040\000m\000e\000m\000o\000r\000y}{section.4.1}% 26
\BOOKMARK [2][-]{subsection.4.1.4}{\376\377\000F\000o\000r\000m\000a\000t\000\040\000s\000t\000r\000i\000n\000g\000\040\000a\000t\000t\000a\000c\000k\000s}{section.4.1}% 27
\BOOKMARK [2][-]{subsection.4.1.5}{\376\377\000I\000n\000t\000e\000g\000e\000r\000\040\000o\000v\000e\000r\000f\000l\000o\000w}{section.4.1}% 28
\BOOKMARK [1][-]{section.4.2}{\376\377\000S\000a\000n\000i\000t\000i\000z\000e\000r}{chapter.4}% 29
\BOOKMARK [2][-]{subsection.4.2.1}{\376\377\000V\000a\000l\000g\000r\000i\000n\000d\000\040\000\050\000M\000e\000m\000c\000h\000e\000c\000k\000\051}{section.4.2}% 30
\BOOKMARK [2][-]{subsection.4.2.2}{\376\377\000A\000d\000d\000r\000e\000s\000s\000S\000a\000n\000i\000t\000i\000z\000e\000r\000\040\000\050\000A\000S\000a\000n\000\051}{section.4.2}% 31
\BOOKMARK [0][-]{chapter.5}{\376\377\000L\000L\000M\000\040\000S\000e\000c\000u\000r\000i\000t\000y}{}% 32
\BOOKMARK [1][-]{section.5.1}{\376\377\000N\000o\000z\000i\000o\000n\000i\000\040\000d\000i\000\040\000b\000a\000s\000e\000\040\000s\000u\000i\000\040\000L\000L\000M}{chapter.5}% 33
\BOOKMARK [2][-]{subsection.5.1.1}{\376\377\000P\000r\000e\000-\000t\000r\000a\000i\000n\000i\000n\000g}{section.5.1}% 34
\BOOKMARK [2][-]{subsection.5.1.2}{\376\377\000F\000i\000n\000e\000-\000t\000u\000n\000i\000n\000g}{section.5.1}% 35
\BOOKMARK [2][-]{subsection.5.1.3}{\376\377\000F\000a\000s\000e\000\040\000d\000i\000\040\000A\000l\000l\000i\000n\000e\000a\000m\000e\000n\000t\000o\000\040\000-\000\040\000R\000L\000H\000F}{section.5.1}% 36
\BOOKMARK [1][-]{section.5.2}{\376\377\000P\000r\000o\000m\000p\000t\000\040\000I\000n\000j\000e\000c\000t\000i\000o\000n}{chapter.5}% 37
\BOOKMARK [2][-]{subsection.5.2.1}{\376\377\000D\000i\000r\000e\000c\000t\000\040\000P\000r\000o\000m\000p\000t\000\040\000I\000n\000j\000e\000c\000t\000i\000o\000n}{section.5.2}% 38
\BOOKMARK [2][-]{subsection.5.2.2}{\376\377\000I\000n\000d\000i\000r\000e\000c\000t\000\040\000P\000r\000o\000m\000p\000t\000\040\000I\000n\000j\000e\000c\000t\000i\000o\000n}{section.5.2}% 39
\BOOKMARK [2][-]{subsection.5.2.3}{\376\377\000M\000u\000l\000t\000i\000-\000t\000u\000r\000n\000\040\000A\000t\000t\000a\000c\000k\000s\000\040\000\050\000C\000r\000e\000s\000c\000e\000n\000d\000o\000\051}{section.5.2}% 40
\BOOKMARK [1][-]{section.5.3}{\376\377\000M\000i\000t\000i\000g\000a\000z\000i\000o\000n\000i}{chapter.5}% 41
\BOOKMARK [1][-]{section.5.4}{\376\377\000T\000e\000s\000t\000i\000n\000g\000\040\000A\000u\000t\000o\000m\000a\000t\000i\000z\000z\000a\000t\000o\000:\000\040\000A\000I\000\040\000R\000e\000d\000\040\000T\000e\000a\000m\000i\000n\000g}{chapter.5}% 42
\BOOKMARK [0][-]{chapter.6}{\376\377\000F\000u\000z\000z\000i\000n\000g}{}% 43
\BOOKMARK [1][-]{section.6.1}{\376\377\000T\000e\000s\000t\000\040\000P\000o\000s\000i\000t\000i\000v\000o\000\040\000v\000s\000\040\000T\000e\000s\000t\000\040\000N\000e\000g\000a\000t\000i\000v\000o}{chapter.6}% 44
\BOOKMARK [1][-]{section.6.2}{\376\377\000T\000i\000p\000i\000\040\000d\000i\000\040\000F\000u\000z\000z\000e\000r}{chapter.6}% 45
\BOOKMARK [2][-]{subsection.6.2.1}{\376\377\000G\000e\000n\000e\000r\000a\000t\000i\000o\000n\000-\000b\000a\000s\000e\000d\000\040\000F\000u\000z\000z\000e\000r\000s\000\040\000\050\000F\000u\000z\000z\000i\000n\000g\000\040\000G\000e\000n\000e\000r\000a\000z\000i\000o\000n\000a\000l\000e\000\051}{section.6.2}% 46
\BOOKMARK [2][-]{subsection.6.2.2}{\376\377\000M\000u\000t\000a\000t\000i\000o\000n\000-\000b\000a\000s\000e\000d\000\040\000F\000u\000z\000z\000e\000r\000s\000\040\000\050\000F\000u\000z\000z\000i\000n\000g\000\040\000M\000u\000t\000a\000z\000i\000o\000n\000a\000l\000e\000\051}{section.6.2}% 47
\BOOKMARK [1][-]{section.6.3}{\376\377\000F\000u\000z\000z\000i\000n\000g\000\040\000b\000a\000s\000a\000t\000o\000\040\000s\000u\000\040\000A\000l\000g\000o\000r\000i\000t\000m\000i\000\040\000G\000e\000n\000e\000t\000i\000c\000i}{chapter.6}% 48
\BOOKMARK [2][-]{subsection.6.3.1}{\376\377\000A\000m\000e\000r\000i\000c\000a\000n\000\040\000F\000u\000z\000z\000y\000\040\000L\000o\000p\000\040\000\050\000A\000F\000L\000\051}{section.6.3}% 49
\BOOKMARK [0][-]{chapter.7}{\376\377\000A\000n\000a\000l\000i\000s\000i\000\040\000S\000t\000a\000t\000i\000c\000a}{}% 50
\BOOKMARK [1][-]{section.7.1}{\376\377\000T\000e\000c\000n\000i\000c\000h\000e\000\040\000d\000i\000\040\000B\000a\000s\000e}{chapter.7}% 51
\BOOKMARK [1][-]{section.7.2}{\376\377\000T\000e\000c\000n\000i\000c\000h\000e\000\040\000A\000v\000a\000n\000z\000a\000t\000e\000\040\000e\000\040\000M\000o\000d\000e\000l\000l\000a\000z\000i\000o\000n\000e}{chapter.7}% 52
\BOOKMARK [2][-]{subsection.7.2.1}{\376\377\000M\000o\000d\000e\000l\000l\000a\000z\000i\000o\000n\000e}{section.7.2}% 53
\BOOKMARK [2][-]{subsection.7.2.2}{\376\377\000T\000i\000p\000o\000l\000o\000g\000i\000e\000\040\000d\000i\000\040\000A\000n\000a\000l\000i\000s\000i\000\040\000d\000i\000\040\000S\000i\000c\000u\000r\000e\000z\000z\000a\000\040\000A\000v\000a\000n\000z\000a\000t\000a}{section.7.2}% 54
\BOOKMARK [1][-]{section.7.3}{\376\377\000A\000s\000t\000r\000a\000z\000i\000o\000n\000e\000\040\000e\000\040\000Z\000e\000r\000o\000\040\000A\000n\000a\000l\000y\000s\000i\000s}{chapter.7}% 55
\BOOKMARK [1][-]{section.7.4}{\376\377\000L\000i\000m\000i\000t\000i\000\040\000T\000e\000o\000r\000i\000c\000i\000\040\000e\000\040\000P\000r\000a\000t\000i\000c\000i}{chapter.7}% 56
\BOOKMARK [1][-]{section.7.5}{\376\377\000A\000n\000a\000l\000i\000s\000i\000\040\000s\000t\000a\000t\000i\000c\000a\000\040\000e\000\040\000g\000l\000i\000\040\000L\000L\000M}{chapter.7}% 57
\BOOKMARK [1][-]{section.7.6}{\376\377\000T\000o\000o\000l\000\040\000p\000e\000r\000\040\000l\000'\000A\000n\000a\000l\000i\000s\000i\000\040\000S\000t\000a\000t\000i\000c\000a}{chapter.7}% 58
\BOOKMARK [2][-]{subsection.7.6.1}{\376\377\000F\000i\000n\000d\000B\000u\000g\000s}{section.7.6}% 59
\BOOKMARK [2][-]{subsection.7.6.2}{\376\377\000G\000i\000t\000H\000u\000b\000\040\000C\000o\000d\000e\000Q\000L}{section.7.6}% 60
\BOOKMARK [0][-]{chapter.8}{\376\377\000S\000e\000c\000u\000r\000i\000t\000y\000\040\000D\000e\000v\000e\000l\000o\000p\000m\000e\000n\000t\000\040\000L\000i\000f\000e\000c\000y\000c\000l\000e}{}% 61
\BOOKMARK [1][-]{section.8.1}{\376\377\000M\000i\000c\000r\000o\000s\000o\000f\000t\000\040\000S\000D\000L}{chapter.8}% 62
\BOOKMARK [1][-]{section.8.2}{\376\377\000A\000g\000i\000l\000e}{chapter.8}% 63
\BOOKMARK [1][-]{section.8.3}{\376\377\000D\000a\000\040\000D\000e\000v\000O\000p\000s\000\040\000a\000\040\000D\000e\000v\000S\000e\000c\000O\000p\000s}{chapter.8}% 64
\BOOKMARK [2][-]{subsection.8.3.1}{\376\377\000M\000a\000t\000u\000r\000i\000t\000\340\000\040\000d\000e\000l\000\040\000D\000e\000v\000S\000e\000c\000O\000p\000s}{section.8.3}% 65
\BOOKMARK [0][-]{chapter.9}{\376\377\000C\000y\000b\000e\000r\000\040\000T\000h\000r\000e\000a\000t\000\040\000I\000n\000t\000e\000l\000l\000i\000g\000e\000n\000c\000e}{}% 66
\BOOKMARK [1][-]{section.9.1}{\376\377\000E\000c\000o\000s\000i\000s\000t\000e\000m\000a\000\040\000d\000e\000l\000l\000a\000\040\000C\000T\000I}{chapter.9}% 67
\BOOKMARK [1][-]{section.9.2}{\376\377\000D\000a\000t\000i\000\040\000e\000\040\000I\000O\000C}{chapter.9}% 68
\BOOKMARK [1][-]{section.9.3}{\376\377\000P\000i\000a\000t\000t\000a\000f\000o\000r\000m\000e\000\040\000e\000\040\000S\000t\000a\000n\000d\000a\000r\000d}{chapter.9}% 69
\BOOKMARK [2][-]{subsection.9.3.1}{\376\377\000T\000h\000r\000e\000a\000t\000\040\000I\000n\000t\000e\000l\000l\000i\000g\000e\000n\000c\000e\000\040\000F\000e\000e\000d\000s}{section.9.3}% 70
\BOOKMARK [1][-]{section.9.4}{\376\377\000F\000r\000a\000m\000e\000w\000o\000r\000k\000\040\000A\000n\000a\000l\000i\000t\000i\000c\000i}{chapter.9}% 71
\BOOKMARK [2][-]{subsection.9.4.1}{\376\377\000C\000y\000b\000e\000r\000\040\000K\000i\000l\000l\000\040\000C\000h\000a\000i\000n}{section.9.4}% 72
\BOOKMARK [2][-]{subsection.9.4.2}{\376\377\000D\000i\000a\000m\000o\000n\000d\000\040\000M\000o\000d\000e\000l}{section.9.4}% 73
\BOOKMARK [2][-]{subsection.9.4.3}{\376\377\000M\000I\000T\000R\000E\000\040\000A\000T\000T\000\046\000C\000K}{section.9.4}% 74
